Using pre-set license
Built from '2021.3/staging' branch; Version is '2021.3.16f1 (4016570cf34f) revision 4200023'; Using compiler version '192829333'; Build Type 'Release'
OS: 'Windows 10  (10.0.19044) 64bit Professional' Language: 'en' Physical Memory: 32672 MB
BatchMode: 1, IsHumanControllingUs: 0, StartBugReporterOnCrash: 0, Is64bit: 1, IsPro: 1

COMMAND LINE ARGUMENTS:
C:\Program Files\Unity\Hub\Editor\2021.3.16f1\Editor\Unity.exe
-adb2
-batchMode
-noUpm
-name
AssetImportWorker0
-projectPath
C:/Users/techm/PartyBoardGame
-logFile
Logs/AssetImportWorker0.log
-srvPort
50983
Successfully changed project path to: C:/Users/techm/PartyBoardGame
C:/Users/techm/PartyBoardGame
[UnityMemory] Configuration Parameters - Can be set up in boot.config
    "memorysetup-bucket-allocator-granularity=16"
    "memorysetup-bucket-allocator-bucket-count=8"
    "memorysetup-bucket-allocator-block-size=33554432"
    "memorysetup-bucket-allocator-block-count=8"
    "memorysetup-main-allocator-block-size=16777216"
    "memorysetup-thread-allocator-block-size=16777216"
    "memorysetup-gfx-main-allocator-block-size=16777216"
    "memorysetup-gfx-thread-allocator-block-size=16777216"
    "memorysetup-cache-allocator-block-size=4194304"
    "memorysetup-typetree-allocator-block-size=2097152"
    "memorysetup-profiler-bucket-allocator-granularity=16"
    "memorysetup-profiler-bucket-allocator-bucket-count=8"
    "memorysetup-profiler-bucket-allocator-block-size=33554432"
    "memorysetup-profiler-bucket-allocator-block-count=8"
    "memorysetup-profiler-allocator-block-size=16777216"
    "memorysetup-profiler-editor-allocator-block-size=1048576"
    "memorysetup-temp-allocator-size-main=16777216"
    "memorysetup-job-temp-allocator-block-size=2097152"
    "memorysetup-job-temp-allocator-block-size-background=1048576"
    "memorysetup-job-temp-allocator-reduction-small-platforms=262144"
    "memorysetup-temp-allocator-size-background-worker=32768"
    "memorysetup-temp-allocator-size-job-worker=262144"
    "memorysetup-temp-allocator-size-preload-manager=33554432"
    "memorysetup-temp-allocator-size-nav-mesh-worker=65536"
    "memorysetup-temp-allocator-size-audio-worker=65536"
    "memorysetup-temp-allocator-size-cloud-worker=32768"
    "memorysetup-temp-allocator-size-gi-baking-worker=262144"
    "memorysetup-temp-allocator-size-gfx=262144"
Player connection [13076] Host "[IP] 192.168.1.61 [Port] 0 [Flags] 2 [Guid] 381314821 [EditorId] 381314821 [Version] 1048832 [Id] WindowsEditor(7,DESKTOP-2UEG5L4) [Debug] 1 [PackageName] WindowsEditor [ProjectName] Editor" joined multi-casting on [225.0.0.222:54997]...

Player connection [13076] Host "[IP] 192.168.1.61 [Port] 0 [Flags] 2 [Guid] 381314821 [EditorId] 381314821 [Version] 1048832 [Id] WindowsEditor(7,DESKTOP-2UEG5L4) [Debug] 1 [PackageName] WindowsEditor [ProjectName] Editor" joined alternative multi-casting on [225.0.0.222:34997]...

Refreshing native plugins compatible for Editor in 62.97 ms, found 3 plugins.
Preloading 0 native plugins for Editor in 0.00 ms.
Initialize engine version: 2021.3.16f1 (4016570cf34f)
[Subsystems] Discovering subsystems at path C:/Program Files/Unity/Hub/Editor/2021.3.16f1/Editor/Data/Resources/UnitySubsystems
[Subsystems] Discovering subsystems at path C:/Users/techm/PartyBoardGame/Assets
GfxDevice: creating device client; threaded=0; jobified=0
Direct3D:
    Version:  Direct3D 11.0 [level 11.1]
    Renderer: NVIDIA GeForce GTX 1080 Ti (ID=0x1b06)
    Vendor:   NVIDIA
    VRAM:     11121 MB
    Driver:   31.0.15.2686
Initialize mono
Mono path[0] = 'C:/Program Files/Unity/Hub/Editor/2021.3.16f1/Editor/Data/Managed'
Mono path[1] = 'C:/Program Files/Unity/Hub/Editor/2021.3.16f1/Editor/Data/MonoBleedingEdge/lib/mono/unityjit-win32'
Mono config path = 'C:/Program Files/Unity/Hub/Editor/2021.3.16f1/Editor/Data/MonoBleedingEdge/etc'
Using monoOptions --debugger-agent=transport=dt_socket,embedding=1,server=y,suspend=n,address=127.0.0.1:56200
Begin MonoManager ReloadAssembly
Registering precompiled unity dll's ...
Register platform support module: C:/Program Files/Unity/Hub/Editor/2021.3.16f1/Editor/Data/PlaybackEngines/WindowsStandaloneSupport/UnityEditor.WindowsStandalone.Extensions.dll
Registered in 0.004008 seconds.
Native extension for WindowsStandalone target not found
Refreshing native plugins compatible for Editor in 65.65 ms, found 3 plugins.
Preloading 0 native plugins for Editor in 0.00 ms.
Mono: successfully reloaded assembly
- Completed reload, in  0.477 seconds
Domain Reload Profiling:
	ReloadAssembly (477ms)
		BeginReloadAssembly (53ms)
			ExecutionOrderSort (0ms)
			DisableScriptedObjects (0ms)
			BackupInstance (0ms)
			ReleaseScriptingObjects (0ms)
			CreateAndSetChildDomain (1ms)
		EndReloadAssembly (347ms)
			LoadAssemblies (51ms)
			RebuildTransferFunctionScriptingTraits (0ms)
			SetupTypeCache (77ms)
			ReleaseScriptCaches (0ms)
			RebuildScriptCaches (19ms)
			SetupLoadedEditorAssemblies (213ms)
				LogAssemblyErrors (0ms)
				InitializePlatformSupportModulesInManaged (6ms)
				SetLoadedEditorAssemblies (0ms)
				RefreshPlugins (66ms)
				BeforeProcessingInitializeOnLoad (1ms)
				ProcessInitializeOnLoadAttributes (104ms)
				ProcessInitializeOnLoadMethodAttributes (36ms)
				AfterProcessingInitializeOnLoad (0ms)
				EditorAssembliesLoaded (0ms)
			ExecutionOrderSort2 (0ms)
			AwakeInstancesAfterBackupRestoration (0ms)
Platform modules already initialized, skipping
Registering precompiled user dll's ...
Registered in 0.004456 seconds.
Begin MonoManager ReloadAssembly
Symbol file LoadedFromMemory doesn't match image C:\Users\techm\PartyBoardGame\Library\PackageCache\com.unity.visualscripting@1.7.8\Editor\VisualScripting.Core\Dependencies\YamlDotNet\Unity.VisualScripting.YamlDotNet.dll
Symbol file LoadedFromMemory doesn't match image C:\Users\techm\PartyBoardGame\Library\PackageCache\com.unity.visualscripting@1.7.8\Editor\VisualScripting.Core\Dependencies\DotNetZip\Unity.VisualScripting.IonicZip.dll
Native extension for WindowsStandalone target not found
Refreshing native plugins compatible for Editor in 0.60 ms, found 3 plugins.
Preloading 0 native plugins for Editor in 0.00 ms.
Mono: successfully reloaded assembly
- Completed reload, in  0.739 seconds
Domain Reload Profiling:
	ReloadAssembly (740ms)
		BeginReloadAssembly (84ms)
			ExecutionOrderSort (0ms)
			DisableScriptedObjects (5ms)
			BackupInstance (0ms)
			ReleaseScriptingObjects (0ms)
			CreateAndSetChildDomain (18ms)
		EndReloadAssembly (572ms)
			LoadAssemblies (57ms)
			RebuildTransferFunctionScriptingTraits (0ms)
			SetupTypeCache (174ms)
			ReleaseScriptCaches (0ms)
			RebuildScriptCaches (32ms)
			SetupLoadedEditorAssemblies (276ms)
				LogAssemblyErrors (0ms)
				InitializePlatformSupportModulesInManaged (4ms)
				SetLoadedEditorAssemblies (0ms)
				RefreshPlugins (1ms)
				BeforeProcessingInitializeOnLoad (67ms)
				ProcessInitializeOnLoadAttributes (180ms)
				ProcessInitializeOnLoadMethodAttributes (18ms)
				AfterProcessingInitializeOnLoad (6ms)
				EditorAssembliesLoaded (0ms)
			ExecutionOrderSort2 (0ms)
			AwakeInstancesAfterBackupRestoration (8ms)
Platform modules already initialized, skipping
========================================================================
Worker process is ready to serve import requests
Launched and connected shader compiler UnityShaderCompiler.exe after 0.03 seconds
Refreshing native plugins compatible for Editor in 0.84 ms, found 3 plugins.
Preloading 0 native plugins for Editor in 0.00 ms.
Unloading 3381 Unused Serialized files (Serialized files now loaded: 0)
Unloading 27 unused Assets / (113.5 KB). Loaded Objects now: 3839.
Memory consumption went from 118.3 MB to 118.2 MB.
Total: 2.845100 ms (FindLiveObjects: 0.365500 ms CreateObjectMapping: 0.213500 ms MarkObjects: 2.170400 ms  DeleteObjects: 0.094900 ms)

AssetImportParameters requested are different than current active one (requested -> active):
  custom:video-decoder-ogg-theora: a1e56fd34408186e4bbccfd4996cb3dc -> 
  custom:container-muxer-webm: aa71ff27fc2769a1b78a27578f13a17b -> 
  custom:container-demuxer-webm: 4f35f7cbe854078d1ac9338744f61a02 -> 
  custom:video-encoder-webm-vp8: eb34c28f22e8b96e1ab97ce403110664 -> 
  custom:audio-encoder-webm-vorbis: bf7c407c2cedff20999df2af8eb42d56 -> 
  custom:framework-win-MediaFoundation: 216162199b28c13a410421893ffa2e32 -> 
  custom:container-demuxer-ogg: 62fdf1f143b41e24485cea50d1cbac27 -> 
  custom:video-decoder-webm-vp8: 9c59270c3fd7afecdb556c50c9e8de78 -> 
  custom:audio-decoder-ogg-vorbis: bf7c407c2cedff20999df2af8eb42d56 -> 
========================================================================
Received Import Request.
  Time since last request: 444.320913 seconds.
  path: Assets/Prefabs/Space.prefab
  artifactKey: Guid(f3145806f9aa3b04eb97e7e7f74d038e) Importer(815301076,1909f56bfc062723c751e8b465ee728b)
Start importing Assets/Prefabs/Space.prefab using Guid(f3145806f9aa3b04eb97e7e7f74d038e) Importer(815301076,1909f56bfc062723c751e8b465ee728b)  -> (artifact id: '182ac70c55d9e2456ac1b807c57fdc3e') in 0.091154 seconds 
========================================================================
Received Import Request.
  Time since last request: 0.034092 seconds.
  path: Assets/Prefabs/GreenSpace.prefab
  artifactKey: Guid(200e92b00fa00ab47a5b1b322e4922d8) Importer(815301076,1909f56bfc062723c751e8b465ee728b)
Start importing Assets/Prefabs/GreenSpace.prefab using Guid(200e92b00fa00ab47a5b1b322e4922d8) Importer(815301076,1909f56bfc062723c751e8b465ee728b)  -> (artifact id: 'f90d75075df9099b4b3365b5db27f807') in 0.008445 seconds 
========================================================================
Received Import Request.
  Time since last request: 30.431483 seconds.
  path: Assets/Prefabs/BlueSpace.prefab
  artifactKey: Guid(b0b40a37897985249a5bd274f0693e6a) Importer(815301076,1909f56bfc062723c751e8b465ee728b)
Start importing Assets/Prefabs/BlueSpace.prefab using Guid(b0b40a37897985249a5bd274f0693e6a) Importer(815301076,1909f56bfc062723c751e8b465ee728b)  -> (artifact id: '564576755a27daba345e4ad13828a0e0') in 0.008009 seconds 
========================================================================
Received Prepare
Registering precompiled user dll's ...
Registered in 0.005091 seconds.
Begin MonoManager ReloadAssembly
Symbol file LoadedFromMemory doesn't match image C:\Users\techm\PartyBoardGame\Library\PackageCache\com.unity.visualscripting@1.7.8\Editor\VisualScripting.Core\Dependencies\YamlDotNet\Unity.VisualScripting.YamlDotNet.dll
Symbol file LoadedFromMemory doesn't match image C:\Users\techm\PartyBoardGame\Library\PackageCache\com.unity.visualscripting@1.7.8\Editor\VisualScripting.Core\Dependencies\DotNetZip\Unity.VisualScripting.IonicZip.dll
Native extension for WindowsStandalone target not found
Refreshing native plugins compatible for Editor in 0.96 ms, found 3 plugins.
Preloading 0 native plugins for Editor in 0.00 ms.
Mono: successfully reloaded assembly
- Completed reload, in  0.775 seconds
Domain Reload Profiling:
	ReloadAssembly (775ms)
		BeginReloadAssembly (100ms)
			ExecutionOrderSort (0ms)
			DisableScriptedObjects (3ms)
			BackupInstance (0ms)
			ReleaseScriptingObjects (0ms)
			CreateAndSetChildDomain (30ms)
		EndReloadAssembly (604ms)
			LoadAssemblies (56ms)
			RebuildTransferFunctionScriptingTraits (0ms)
			SetupTypeCache (197ms)
			ReleaseScriptCaches (1ms)
			RebuildScriptCaches (30ms)
			SetupLoadedEditorAssemblies (278ms)
				LogAssemblyErrors (0ms)
				InitializePlatformSupportModulesInManaged (12ms)
				SetLoadedEditorAssemblies (0ms)
				RefreshPlugins (1ms)
				BeforeProcessingInitializeOnLoad (57ms)
				ProcessInitializeOnLoadAttributes (181ms)
				ProcessInitializeOnLoadMethodAttributes (21ms)
				AfterProcessingInitializeOnLoad (7ms)
				EditorAssembliesLoaded (0ms)
			ExecutionOrderSort2 (0ms)
			AwakeInstancesAfterBackupRestoration (9ms)
Platform modules already initialized, skipping
Refreshing native plugins compatible for Editor in 2.10 ms, found 3 plugins.
Preloading 0 native plugins for Editor in 0.00 ms.
Unloading 3363 Unused Serialized files (Serialized files now loaded: 0)
Unloading 20 unused Assets / (80.6 KB). Loaded Objects now: 3851.
Memory consumption went from 121.4 MB to 121.3 MB.
Total: 2.900700 ms (FindLiveObjects: 0.226400 ms CreateObjectMapping: 0.127300 ms MarkObjects: 2.466500 ms  DeleteObjects: 0.079600 ms)

AssetImportParameters requested are different than current active one (requested -> active):
  custom:video-decoder-ogg-theora: a1e56fd34408186e4bbccfd4996cb3dc -> 
  custom:container-muxer-webm: aa71ff27fc2769a1b78a27578f13a17b -> 
  custom:container-demuxer-webm: 4f35f7cbe854078d1ac9338744f61a02 -> 
  custom:video-encoder-webm-vp8: eb34c28f22e8b96e1ab97ce403110664 -> 
  custom:audio-encoder-webm-vorbis: bf7c407c2cedff20999df2af8eb42d56 -> 
  custom:framework-win-MediaFoundation: 216162199b28c13a410421893ffa2e32 -> 
  custom:container-demuxer-ogg: 62fdf1f143b41e24485cea50d1cbac27 -> 
  custom:video-decoder-webm-vp8: 9c59270c3fd7afecdb556c50c9e8de78 -> 
  custom:audio-decoder-ogg-vorbis: bf7c407c2cedff20999df2af8eb42d56 -> 
========================================================================
Received Import Request.
  Time since last request: 755.422404 seconds.
  path: Assets/Prefabs/BlueSpace.prefab
  artifactKey: Guid(b0b40a37897985249a5bd274f0693e6a) Importer(815301076,1909f56bfc062723c751e8b465ee728b)
Start importing Assets/Prefabs/BlueSpace.prefab using Guid(b0b40a37897985249a5bd274f0693e6a) Importer(815301076,1909f56bfc062723c751e8b465ee728b)  -> (artifact id: 'f2a321f3dea0c0126561f0343a0fac04') in 0.057772 seconds 
========================================================================
Received Import Request.
  Time since last request: 6.580834 seconds.
  path: Assets/Prefabs/BlueSpace.prefab
  artifactKey: Guid(b0b40a37897985249a5bd274f0693e6a) Importer(815301076,1909f56bfc062723c751e8b465ee728b)
Start importing Assets/Prefabs/BlueSpace.prefab using Guid(b0b40a37897985249a5bd274f0693e6a) Importer(815301076,1909f56bfc062723c751e8b465ee728b)  -> (artifact id: '63a7ba3faa1fcc37353aae8f92c3bb3d') in 0.007781 seconds 
========================================================================
Received Prepare
Registering precompiled user dll's ...
Registered in 0.004379 seconds.
Begin MonoManager ReloadAssembly
Symbol file LoadedFromMemory doesn't match image C:\Users\techm\PartyBoardGame\Library\PackageCache\com.unity.visualscripting@1.7.8\Editor\VisualScripting.Core\Dependencies\YamlDotNet\Unity.VisualScripting.YamlDotNet.dll
Symbol file LoadedFromMemory doesn't match image C:\Users\techm\PartyBoardGame\Library\PackageCache\com.unity.visualscripting@1.7.8\Editor\VisualScripting.Core\Dependencies\DotNetZip\Unity.VisualScripting.IonicZip.dll
Native extension for WindowsStandalone target not found
Refreshing native plugins compatible for Editor in 0.75 ms, found 3 plugins.
Preloading 0 native plugins for Editor in 0.00 ms.
Mono: successfully reloaded assembly
- Completed reload, in  0.827 seconds
Domain Reload Profiling:
	ReloadAssembly (827ms)
		BeginReloadAssembly (105ms)
			ExecutionOrderSort (0ms)
			DisableScriptedObjects (3ms)
			BackupInstance (0ms)
			ReleaseScriptingObjects (0ms)
			CreateAndSetChildDomain (32ms)
		EndReloadAssembly (653ms)
			LoadAssemblies (59ms)
			RebuildTransferFunctionScriptingTraits (0ms)
			SetupTypeCache (217ms)
			ReleaseScriptCaches (1ms)
			RebuildScriptCaches (32ms)
			SetupLoadedEditorAssemblies (302ms)
				LogAssemblyErrors (0ms)
				InitializePlatformSupportModulesInManaged (11ms)
				SetLoadedEditorAssemblies (0ms)
				RefreshPlugins (1ms)
				BeforeProcessingInitializeOnLoad (62ms)
				ProcessInitializeOnLoadAttributes (198ms)
				ProcessInitializeOnLoadMethodAttributes (24ms)
				AfterProcessingInitializeOnLoad (7ms)
				EditorAssembliesLoaded (0ms)
			ExecutionOrderSort2 (0ms)
			AwakeInstancesAfterBackupRestoration (9ms)
Platform modules already initialized, skipping
Refreshing native plugins compatible for Editor in 1.77 ms, found 3 plugins.
Preloading 0 native plugins for Editor in 0.00 ms.
Unloading 3363 Unused Serialized files (Serialized files now loaded: 0)
Unloading 20 unused Assets / (80.6 KB). Loaded Objects now: 3854.
Memory consumption went from 121.4 MB to 121.3 MB.
Total: 2.926800 ms (FindLiveObjects: 0.218600 ms CreateObjectMapping: 0.118800 ms MarkObjects: 2.496700 ms  DeleteObjects: 0.092000 ms)

AssetImportParameters requested are different than current active one (requested -> active):
  custom:video-decoder-ogg-theora: a1e56fd34408186e4bbccfd4996cb3dc -> 
  custom:container-muxer-webm: aa71ff27fc2769a1b78a27578f13a17b -> 
  custom:container-demuxer-webm: 4f35f7cbe854078d1ac9338744f61a02 -> 
  custom:video-encoder-webm-vp8: eb34c28f22e8b96e1ab97ce403110664 -> 
  custom:audio-encoder-webm-vorbis: bf7c407c2cedff20999df2af8eb42d56 -> 
  custom:framework-win-MediaFoundation: 216162199b28c13a410421893ffa2e32 -> 
  custom:container-demuxer-ogg: 62fdf1f143b41e24485cea50d1cbac27 -> 
  custom:video-decoder-webm-vp8: 9c59270c3fd7afecdb556c50c9e8de78 -> 
  custom:audio-decoder-ogg-vorbis: bf7c407c2cedff20999df2af8eb42d56 -> 
========================================================================
Received Import Request.
  Time since last request: 133.018361 seconds.
  path: Assets/Prefabs/GreenSpace.prefab
  artifactKey: Guid(200e92b00fa00ab47a5b1b322e4922d8) Importer(815301076,1909f56bfc062723c751e8b465ee728b)
Start importing Assets/Prefabs/GreenSpace.prefab using Guid(200e92b00fa00ab47a5b1b322e4922d8) Importer(815301076,1909f56bfc062723c751e8b465ee728b)  -> (artifact id: '33c0b0ad2ea787f367170300b06650ff') in 0.057001 seconds 
========================================================================
Received Import Request.
  Time since last request: 1.926136 seconds.
  path: Assets/Prefabs/GreenSpace.prefab
  artifactKey: Guid(200e92b00fa00ab47a5b1b322e4922d8) Importer(815301076,1909f56bfc062723c751e8b465ee728b)
Start importing Assets/Prefabs/GreenSpace.prefab using Guid(200e92b00fa00ab47a5b1b322e4922d8) Importer(815301076,1909f56bfc062723c751e8b465ee728b)  -> (artifact id: '3555ca67788898686e54a0fa0abe9fad') in 0.007973 seconds 
========================================================================
Received Import Request.
  Time since last request: 13.340250 seconds.
  path: Assets/Prefabs/GreenSpace.prefab
  artifactKey: Guid(200e92b00fa00ab47a5b1b322e4922d8) Importer(815301076,1909f56bfc062723c751e8b465ee728b)
Start importing Assets/Prefabs/GreenSpace.prefab using Guid(200e92b00fa00ab47a5b1b322e4922d8) Importer(815301076,1909f56bfc062723c751e8b465ee728b)  -> (artifact id: 'cead414c4a3fb5f8c8c942d44d90d2b5') in 0.005577 seconds 
========================================================================
Received Import Request.
  Time since last request: 2.628552 seconds.
  path: Assets/Prefabs/GreenSpace.prefab
  artifactKey: Guid(200e92b00fa00ab47a5b1b322e4922d8) Importer(815301076,1909f56bfc062723c751e8b465ee728b)
Start importing Assets/Prefabs/GreenSpace.prefab using Guid(200e92b00fa00ab47a5b1b322e4922d8) Importer(815301076,1909f56bfc062723c751e8b465ee728b)  -> (artifact id: 'ca7f4c8a0b27e7cdf96e412cb001d816') in 0.007928 seconds 
========================================================================
Received Import Request.
  Time since last request: 5.017798 seconds.
  path: Assets/Prefabs/GreenSpace.prefab
  artifactKey: Guid(200e92b00fa00ab47a5b1b322e4922d8) Importer(815301076,1909f56bfc062723c751e8b465ee728b)
Start importing Assets/Prefabs/GreenSpace.prefab using Guid(200e92b00fa00ab47a5b1b322e4922d8) Importer(815301076,1909f56bfc062723c751e8b465ee728b)  -> (artifact id: '3c0b5365296d478c4807144d10a77c36') in 0.007595 seconds 
========================================================================
Received Import Request.
  Time since last request: 0.793992 seconds.
  path: Assets/Prefabs/GreenSpace.prefab
  artifactKey: Guid(200e92b00fa00ab47a5b1b322e4922d8) Importer(815301076,1909f56bfc062723c751e8b465ee728b)
Start importing Assets/Prefabs/GreenSpace.prefab using Guid(200e92b00fa00ab47a5b1b322e4922d8) Importer(815301076,1909f56bfc062723c751e8b465ee728b)  -> (artifact id: 'b08b77e69eddd9d4fbec993b763c0c2e') in 0.007638 seconds 
========================================================================
Received Import Request.
  Time since last request: 1.599604 seconds.
  path: Assets/Prefabs/GreenSpace.prefab
  artifactKey: Guid(200e92b00fa00ab47a5b1b322e4922d8) Importer(815301076,1909f56bfc062723c751e8b465ee728b)
Start importing Assets/Prefabs/GreenSpace.prefab using Guid(200e92b00fa00ab47a5b1b322e4922d8) Importer(815301076,1909f56bfc062723c751e8b465ee728b)  -> (artifact id: 'c3db0f7592f5360a856a10899237baff') in 0.008405 seconds 
========================================================================
Received Import Request.
  Time since last request: 21.655309 seconds.
  path: Assets/Prefabs/GreenSpace.prefab
  artifactKey: Guid(200e92b00fa00ab47a5b1b322e4922d8) Importer(815301076,1909f56bfc062723c751e8b465ee728b)
Start importing Assets/Prefabs/GreenSpace.prefab using Guid(200e92b00fa00ab47a5b1b322e4922d8) Importer(815301076,1909f56bfc062723c751e8b465ee728b)  -> (artifact id: '9661e634fc56f71aca21748891a8fdba') in 0.005794 seconds 
========================================================================
Received Import Request.
  Time since last request: 2.625828 seconds.
  path: Assets/Prefabs/GreenSpace.prefab
  artifactKey: Guid(200e92b00fa00ab47a5b1b322e4922d8) Importer(815301076,1909f56bfc062723c751e8b465ee728b)
Start importing Assets/Prefabs/GreenSpace.prefab using Guid(200e92b00fa00ab47a5b1b322e4922d8) Importer(815301076,1909f56bfc062723c751e8b465ee728b)  -> (artifact id: '2007f020d4a39ec1c06ee11d6a6e37a6') in 0.007903 seconds 
========================================================================
Received Import Request.
  Time since last request: 3.405707 seconds.
  path: Assets/Prefabs/GreenSpace.prefab
  artifactKey: Guid(200e92b00fa00ab47a5b1b322e4922d8) Importer(815301076,1909f56bfc062723c751e8b465ee728b)
Start importing Assets/Prefabs/GreenSpace.prefab using Guid(200e92b00fa00ab47a5b1b322e4922d8) Importer(815301076,1909f56bfc062723c751e8b465ee728b)  -> (artifact id: '27b12f251ba7d052606f65d0f21ce479') in 0.007721 seconds 
========================================================================
Received Import Request.
  Time since last request: 0.793365 seconds.
  path: Assets/Prefabs/GreenSpace.prefab
  artifactKey: Guid(200e92b00fa00ab47a5b1b322e4922d8) Importer(815301076,1909f56bfc062723c751e8b465ee728b)
Start importing Assets/Prefabs/GreenSpace.prefab using Guid(200e92b00fa00ab47a5b1b322e4922d8) Importer(815301076,1909f56bfc062723c751e8b465ee728b)  -> (artifact id: 'fedb30e9f1e655acbeb4e3133b36da3a') in 0.008032 seconds 
========================================================================
Received Import Request.
  Time since last request: 1.805931 seconds.
  path: Assets/Prefabs/GreenSpace.prefab
  artifactKey: Guid(200e92b00fa00ab47a5b1b322e4922d8) Importer(815301076,1909f56bfc062723c751e8b465ee728b)
Start importing Assets/Prefabs/GreenSpace.prefab using Guid(200e92b00fa00ab47a5b1b322e4922d8) Importer(815301076,1909f56bfc062723c751e8b465ee728b)  -> (artifact id: '885e77794fca2a405c188e2123964460') in 0.008197 seconds 
========================================================================
Received Import Request.
  Time since last request: 10.442867 seconds.
  path: Assets/Prefabs/GreenSpace.prefab
  artifactKey: Guid(200e92b00fa00ab47a5b1b322e4922d8) Importer(815301076,1909f56bfc062723c751e8b465ee728b)
Start importing Assets/Prefabs/GreenSpace.prefab using Guid(200e92b00fa00ab47a5b1b322e4922d8) Importer(815301076,1909f56bfc062723c751e8b465ee728b)  -> (artifact id: '443c7abbe02ac1cabffe6c02994fabcb') in 0.008130 seconds 
========================================================================
Received Import Request.
  Time since last request: 4.013478 seconds.
  path: Assets/Prefabs/GreenSpace.prefab
  artifactKey: Guid(200e92b00fa00ab47a5b1b322e4922d8) Importer(815301076,1909f56bfc062723c751e8b465ee728b)
Start importing Assets/Prefabs/GreenSpace.prefab using Guid(200e92b00fa00ab47a5b1b322e4922d8) Importer(815301076,1909f56bfc062723c751e8b465ee728b)  -> (artifact id: '8ebfb632f7b6996f99794b7962bde779') in 0.009176 seconds 
========================================================================
Received Import Request.
  Time since last request: 89.988445 seconds.
  path: Assets/Prefabs/GreenSpace.prefab
  artifactKey: Guid(200e92b00fa00ab47a5b1b322e4922d8) Importer(815301076,1909f56bfc062723c751e8b465ee728b)
Start importing Assets/Prefabs/GreenSpace.prefab using Guid(200e92b00fa00ab47a5b1b322e4922d8) Importer(815301076,1909f56bfc062723c751e8b465ee728b)  -> (artifact id: 'bfe230cfa2d942f0cdbcfd7d7bbb52da') in 0.005653 seconds 
========================================================================
Received Import Request.
  Time since last request: 4.112755 seconds.
  path: Assets/Prefabs/GreenSpace.prefab
  artifactKey: Guid(200e92b00fa00ab47a5b1b322e4922d8) Importer(815301076,1909f56bfc062723c751e8b465ee728b)
Start importing Assets/Prefabs/GreenSpace.prefab using Guid(200e92b00fa00ab47a5b1b322e4922d8) Importer(815301076,1909f56bfc062723c751e8b465ee728b)  -> (artifact id: '76f28974548a053d5584f95fae6ff0d7') in 0.008564 seconds 
========================================================================
Received Import Request.
  Time since last request: 3.116598 seconds.
  path: Assets/Prefabs/GreenSpace.prefab
  artifactKey: Guid(200e92b00fa00ab47a5b1b322e4922d8) Importer(815301076,1909f56bfc062723c751e8b465ee728b)
Start importing Assets/Prefabs/GreenSpace.prefab using Guid(200e92b00fa00ab47a5b1b322e4922d8) Importer(815301076,1909f56bfc062723c751e8b465ee728b)  -> (artifact id: 'f2c3c9e4a01bd7b0608fd4fdf034f88d') in 0.007597 seconds 
========================================================================
Received Import Request.
  Time since last request: 10.048797 seconds.
  path: Assets/Prefabs/GreenSpace.prefab
  artifactKey: Guid(200e92b00fa00ab47a5b1b322e4922d8) Importer(815301076,1909f56bfc062723c751e8b465ee728b)
Start importing Assets/Prefabs/GreenSpace.prefab using Guid(200e92b00fa00ab47a5b1b322e4922d8) Importer(815301076,1909f56bfc062723c751e8b465ee728b)  -> (artifact id: '024b67c526005107cffa014abc9ca1e2') in 0.005990 seconds 
========================================================================
Received Import Request.
  Time since last request: 2.805923 seconds.
  path: Assets/Prefabs/GreenSpace.prefab
  artifactKey: Guid(200e92b00fa00ab47a5b1b322e4922d8) Importer(815301076,1909f56bfc062723c751e8b465ee728b)
Start importing Assets/Prefabs/GreenSpace.prefab using Guid(200e92b00fa00ab47a5b1b322e4922d8) Importer(815301076,1909f56bfc062723c751e8b465ee728b)  -> (artifact id: '4dd734caf59899ce9a78c715fc25565a') in 0.007515 seconds 
========================================================================
Received Import Request.
  Time since last request: 2.050927 seconds.
  path: Assets/Prefabs/GreenSpace.prefab
  artifactKey: Guid(200e92b00fa00ab47a5b1b322e4922d8) Importer(815301076,1909f56bfc062723c751e8b465ee728b)
Start importing Assets/Prefabs/GreenSpace.prefab using Guid(200e92b00fa00ab47a5b1b322e4922d8) Importer(815301076,1909f56bfc062723c751e8b465ee728b)  -> (artifact id: '51988ec9ef985e19ab61ce156aa16b2e') in 0.007541 seconds 
========================================================================
Received Import Request.
  Time since last request: 1.198554 seconds.
  path: Assets/Prefabs/GreenSpace.prefab
  artifactKey: Guid(200e92b00fa00ab47a5b1b322e4922d8) Importer(815301076,1909f56bfc062723c751e8b465ee728b)
Start importing Assets/Prefabs/GreenSpace.prefab using Guid(200e92b00fa00ab47a5b1b322e4922d8) Importer(815301076,1909f56bfc062723c751e8b465ee728b)  -> (artifact id: 'c9ac4fd6ba2b1a5f705fd650b2c14da0') in 0.009247 seconds 
========================================================================
Received Import Request.
  Time since last request: 19.889571 seconds.
  path: Assets/Prefabs/GreenSpace.prefab
  artifactKey: Guid(200e92b00fa00ab47a5b1b322e4922d8) Importer(815301076,1909f56bfc062723c751e8b465ee728b)
Start importing Assets/Prefabs/GreenSpace.prefab using Guid(200e92b00fa00ab47a5b1b322e4922d8) Importer(815301076,1909f56bfc062723c751e8b465ee728b)  -> (artifact id: '577476a539bdc8efdc14fcc6e85d03ac') in 0.005587 seconds 
========================================================================
Received Import Request.
  Time since last request: 1.601481 seconds.
  path: Assets/Prefabs/GreenSpace.prefab
  artifactKey: Guid(200e92b00fa00ab47a5b1b322e4922d8) Importer(815301076,1909f56bfc062723c751e8b465ee728b)
Start importing Assets/Prefabs/GreenSpace.prefab using Guid(200e92b00fa00ab47a5b1b322e4922d8) Importer(815301076,1909f56bfc062723c751e8b465ee728b)  -> (artifact id: '704e8f44e25396d51cf077342286a094') in 0.007791 seconds 
========================================================================
Received Import Request.
  Time since last request: 1.580628 seconds.
  path: Assets/Prefabs/GreenSpace.prefab
  artifactKey: Guid(200e92b00fa00ab47a5b1b322e4922d8) Importer(815301076,1909f56bfc062723c751e8b465ee728b)
Start importing Assets/Prefabs/GreenSpace.prefab using Guid(200e92b00fa00ab47a5b1b322e4922d8) Importer(815301076,1909f56bfc062723c751e8b465ee728b)  -> (artifact id: '6403d2d1fea18d72306e95374f849ae7') in 0.007975 seconds 
========================================================================
Received Import Request.
  Time since last request: 28.822686 seconds.
  path: Assets/Prefabs/GreenSpace.prefab
  artifactKey: Guid(200e92b00fa00ab47a5b1b322e4922d8) Importer(815301076,1909f56bfc062723c751e8b465ee728b)
Start importing Assets/Prefabs/GreenSpace.prefab using Guid(200e92b00fa00ab47a5b1b322e4922d8) Importer(815301076,1909f56bfc062723c751e8b465ee728b)  -> (artifact id: '828018dfc9c8e76a6b149604e0afa492') in 0.008616 seconds 
========================================================================
Received Import Request.
  Time since last request: 3.687971 seconds.
  path: Assets/Prefabs/GreenSpace.prefab
  artifactKey: Guid(200e92b00fa00ab47a5b1b322e4922d8) Importer(815301076,1909f56bfc062723c751e8b465ee728b)
Start importing Assets/Prefabs/GreenSpace.prefab using Guid(200e92b00fa00ab47a5b1b322e4922d8) Importer(815301076,1909f56bfc062723c751e8b465ee728b)  -> (artifact id: '906ec56a072aba59e3e1fc9544db5de6') in 0.008051 seconds 
========================================================================
Received Import Request.
  Time since last request: 31.751186 seconds.
  path: Assets/Prefabs/GreenSpace.prefab
  artifactKey: Guid(200e92b00fa00ab47a5b1b322e4922d8) Importer(815301076,1909f56bfc062723c751e8b465ee728b)
Start importing Assets/Prefabs/GreenSpace.prefab using Guid(200e92b00fa00ab47a5b1b322e4922d8) Importer(815301076,1909f56bfc062723c751e8b465ee728b)  -> (artifact id: 'c346a621baff37b3717da029f6353457') in 0.005948 seconds 
========================================================================
Received Import Request.
  Time since last request: 4.982747 seconds.
  path: Assets/Prefabs/GreenSpace.prefab
  artifactKey: Guid(200e92b00fa00ab47a5b1b322e4922d8) Importer(815301076,1909f56bfc062723c751e8b465ee728b)
Start importing Assets/Prefabs/GreenSpace.prefab using Guid(200e92b00fa00ab47a5b1b322e4922d8) Importer(815301076,1909f56bfc062723c751e8b465ee728b)  -> (artifact id: 'b46595647c48d72df39163185a217fca') in 0.005884 seconds 
========================================================================
Received Import Request.
  Time since last request: 33.079763 seconds.
  path: Assets/Prefabs/BlueSpace.prefab
  artifactKey: Guid(b0b40a37897985249a5bd274f0693e6a) Importer(815301076,1909f56bfc062723c751e8b465ee728b)
Start importing Assets/Prefabs/BlueSpace.prefab using Guid(b0b40a37897985249a5bd274f0693e6a) Importer(815301076,1909f56bfc062723c751e8b465ee728b)  -> (artifact id: 'd0f73c0598301ffbb180760977c6acd6') in 0.007741 seconds 
========================================================================
Received Import Request.
  Time since last request: 1.016423 seconds.
  path: Assets/Prefabs/BlueSpace.prefab
  artifactKey: Guid(b0b40a37897985249a5bd274f0693e6a) Importer(815301076,1909f56bfc062723c751e8b465ee728b)
Start importing Assets/Prefabs/BlueSpace.prefab using Guid(b0b40a37897985249a5bd274f0693e6a) Importer(815301076,1909f56bfc062723c751e8b465ee728b)  -> (artifact id: '0a42580b99d1eccdd54766e318b93d51') in 0.007370 seconds 
========================================================================
Received Prepare
Registering precompiled user dll's ...
Registered in 0.004655 seconds.
Begin MonoManager ReloadAssembly
Symbol file LoadedFromMemory doesn't match image C:\Users\techm\PartyBoardGame\Library\PackageCache\com.unity.visualscripting@1.7.8\Editor\VisualScripting.Core\Dependencies\YamlDotNet\Unity.VisualScripting.YamlDotNet.dll
Symbol file LoadedFromMemory doesn't match image C:\Users\techm\PartyBoardGame\Library\PackageCache\com.unity.visualscripting@1.7.8\Editor\VisualScripting.Core\Dependencies\DotNetZip\Unity.VisualScripting.IonicZip.dll
Native extension for WindowsStandalone target not found
Refreshing native plugins compatible for Editor in 0.90 ms, found 3 plugins.
Preloading 0 native plugins for Editor in 0.00 ms.
Mono: successfully reloaded assembly
- Completed reload, in  0.787 seconds
Domain Reload Profiling:
	ReloadAssembly (788ms)
		BeginReloadAssembly (108ms)
			ExecutionOrderSort (0ms)
			DisableScriptedObjects (4ms)
			BackupInstance (0ms)
			ReleaseScriptingObjects (0ms)
			CreateAndSetChildDomain (32ms)
		EndReloadAssembly (606ms)
			LoadAssemblies (60ms)
			RebuildTransferFunctionScriptingTraits (0ms)
			SetupTypeCache (203ms)
			ReleaseScriptCaches (1ms)
			RebuildScriptCaches (31ms)
			SetupLoadedEditorAssemblies (272ms)
				LogAssemblyErrors (0ms)
				InitializePlatformSupportModulesInManaged (10ms)
				SetLoadedEditorAssemblies (1ms)
				RefreshPlugins (1ms)
				BeforeProcessingInitializeOnLoad (59ms)
				ProcessInitializeOnLoadAttributes (175ms)
				ProcessInitializeOnLoadMethodAttributes (21ms)
				AfterProcessingInitializeOnLoad (6ms)
				EditorAssembliesLoaded (0ms)
			ExecutionOrderSort2 (0ms)
			AwakeInstancesAfterBackupRestoration (8ms)
Platform modules already initialized, skipping
Refreshing native plugins compatible for Editor in 1.70 ms, found 3 plugins.
Preloading 0 native plugins for Editor in 0.00 ms.
Unloading 3363 Unused Serialized files (Serialized files now loaded: 0)
Unloading 20 unused Assets / (80.8 KB). Loaded Objects now: 3857.
Memory consumption went from 121.4 MB to 121.3 MB.
Total: 2.458200 ms (FindLiveObjects: 0.211200 ms CreateObjectMapping: 0.075500 ms MarkObjects: 2.102800 ms  DeleteObjects: 0.067600 ms)

AssetImportParameters requested are different than current active one (requested -> active):
  custom:video-decoder-ogg-theora: a1e56fd34408186e4bbccfd4996cb3dc -> 
  custom:container-muxer-webm: aa71ff27fc2769a1b78a27578f13a17b -> 
  custom:container-demuxer-webm: 4f35f7cbe854078d1ac9338744f61a02 -> 
  custom:video-encoder-webm-vp8: eb34c28f22e8b96e1ab97ce403110664 -> 
  custom:audio-encoder-webm-vorbis: bf7c407c2cedff20999df2af8eb42d56 -> 
  custom:framework-win-MediaFoundation: 216162199b28c13a410421893ffa2e32 -> 
  custom:container-demuxer-ogg: 62fdf1f143b41e24485cea50d1cbac27 -> 
  custom:video-decoder-webm-vp8: 9c59270c3fd7afecdb556c50c9e8de78 -> 
  custom:audio-decoder-ogg-vorbis: bf7c407c2cedff20999df2af8eb42d56 -> 
========================================================================
Received Import Request.
  Time since last request: 123.183511 seconds.
  path: Assets/Prefabs/BlueSpace.prefab
  artifactKey: Guid(b0b40a37897985249a5bd274f0693e6a) Importer(815301076,1909f56bfc062723c751e8b465ee728b)
Start importing Assets/Prefabs/BlueSpace.prefab using Guid(b0b40a37897985249a5bd274f0693e6a) Importer(815301076,1909f56bfc062723c751e8b465ee728b)  -> (artifact id: 'f21d3644efe2455499ca0ec84249fd38') in 0.057024 seconds 
========================================================================
Received Import Request.
  Time since last request: 1452.289822 seconds.
  path: Assets/Scripts/NodePathPlayer.cs
  artifactKey: Guid(b646c846a777c1940afd48dc179fea38) Importer(815301076,1909f56bfc062723c751e8b465ee728b)
Start importing Assets/Scripts/NodePathPlayer.cs using Guid(b646c846a777c1940afd48dc179fea38) Importer(815301076,1909f56bfc062723c751e8b465ee728b)  -> (artifact id: 'd33ba78cb66e6ffe001cef5f4d0b401c') in 0.006952 seconds 
========================================================================
Received Import Request.
  Time since last request: 309.038053 seconds.
  path: Assets/Scripts/NodePathPlayer.cs
  artifactKey: Guid(b646c846a777c1940afd48dc179fea38) Importer(815301076,1909f56bfc062723c751e8b465ee728b)
Start importing Assets/Scripts/NodePathPlayer.cs using Guid(b646c846a777c1940afd48dc179fea38) Importer(815301076,1909f56bfc062723c751e8b465ee728b)  -> (artifact id: 'bbff7e33a72464b9b97276e21ab3a376') in 0.001704 seconds 
========================================================================
Received Import Request.
  Time since last request: 685.160286 seconds.
  path: Assets/Scripts/NodePathPlayer.cs
  artifactKey: Guid(b646c846a777c1940afd48dc179fea38) Importer(815301076,1909f56bfc062723c751e8b465ee728b)
Start importing Assets/Scripts/NodePathPlayer.cs using Guid(b646c846a777c1940afd48dc179fea38) Importer(815301076,1909f56bfc062723c751e8b465ee728b)  -> (artifact id: 'aeea20a9a90fb7bcc5d3b2c427f9a8f0') in 0.001989 seconds 
========================================================================
Received Import Request.
  Time since last request: 117.231506 seconds.
  path: Assets/Scripts/NodePathPlayer.cs
  artifactKey: Guid(b646c846a777c1940afd48dc179fea38) Importer(815301076,1909f56bfc062723c751e8b465ee728b)
Start importing Assets/Scripts/NodePathPlayer.cs using Guid(b646c846a777c1940afd48dc179fea38) Importer(815301076,1909f56bfc062723c751e8b465ee728b)  -> (artifact id: '4560a61ad60f32639d814a9b58168d72') in 0.001681 seconds 
========================================================================
Received Import Request.
  Time since last request: 4056.649497 seconds.
  path: Assets/Scripts/NodePathPlayer.cs
  artifactKey: Guid(b646c846a777c1940afd48dc179fea38) Importer(815301076,1909f56bfc062723c751e8b465ee728b)
Start importing Assets/Scripts/NodePathPlayer.cs using Guid(b646c846a777c1940afd48dc179fea38) Importer(815301076,1909f56bfc062723c751e8b465ee728b)  -> (artifact id: '560d892adb139052cd3128bbb0c5a800') in 0.002006 seconds 
========================================================================
Received Import Request.
  Time since last request: 189.095028 seconds.
  path: Assets/Scripts/NodePathPlayer.cs
  artifactKey: Guid(b646c846a777c1940afd48dc179fea38) Importer(815301076,1909f56bfc062723c751e8b465ee728b)
Start importing Assets/Scripts/NodePathPlayer.cs using Guid(b646c846a777c1940afd48dc179fea38) Importer(815301076,1909f56bfc062723c751e8b465ee728b)  -> (artifact id: 'e3bdddb8e798228589cddde29d648e95') in 0.002012 seconds 
========================================================================
Received Prepare
Registering precompiled user dll's ...
Registered in 0.005477 seconds.
Begin MonoManager ReloadAssembly
Symbol file LoadedFromMemory doesn't match image C:\Users\techm\PartyBoardGame\Library\PackageCache\com.unity.visualscripting@1.7.8\Editor\VisualScripting.Core\Dependencies\YamlDotNet\Unity.VisualScripting.YamlDotNet.dll
Symbol file LoadedFromMemory doesn't match image C:\Users\techm\PartyBoardGame\Library\PackageCache\com.unity.visualscripting@1.7.8\Editor\VisualScripting.Core\Dependencies\DotNetZip\Unity.VisualScripting.IonicZip.dll
Native extension for WindowsStandalone target not found
Refreshing native plugins compatible for Editor in 0.60 ms, found 3 plugins.
Preloading 0 native plugins for Editor in 0.00 ms.
Mono: successfully reloaded assembly
- Completed reload, in  0.817 seconds
Domain Reload Profiling:
	ReloadAssembly (818ms)
		BeginReloadAssembly (120ms)
			ExecutionOrderSort (0ms)
			DisableScriptedObjects (4ms)
			BackupInstance (0ms)
			ReleaseScriptingObjects (0ms)
			CreateAndSetChildDomain (34ms)
		EndReloadAssembly (610ms)
			LoadAssemblies (75ms)
			RebuildTransferFunctionScriptingTraits (0ms)
			SetupTypeCache (204ms)
			ReleaseScriptCaches (1ms)
			RebuildScriptCaches (27ms)
			SetupLoadedEditorAssemblies (277ms)
				LogAssemblyErrors (0ms)
				InitializePlatformSupportModulesInManaged (12ms)
				SetLoadedEditorAssemblies (0ms)
				RefreshPlugins (1ms)
				BeforeProcessingInitializeOnLoad (54ms)
				ProcessInitializeOnLoadAttributes (186ms)
				ProcessInitializeOnLoadMethodAttributes (17ms)
				AfterProcessingInitializeOnLoad (7ms)
				EditorAssembliesLoaded (0ms)
			ExecutionOrderSort2 (0ms)
			AwakeInstancesAfterBackupRestoration (7ms)
Platform modules already initialized, skipping
Refreshing native plugins compatible for Editor in 1.80 ms, found 3 plugins.
Preloading 0 native plugins for Editor in 0.00 ms.
Unloading 3363 Unused Serialized files (Serialized files now loaded: 0)
Unloading 20 unused Assets / (80.6 KB). Loaded Objects now: 3860.
Memory consumption went from 121.5 MB to 121.4 MB.
Total: 2.483000 ms (FindLiveObjects: 0.210400 ms CreateObjectMapping: 0.112000 ms MarkObjects: 2.094300 ms  DeleteObjects: 0.065700 ms)

AssetImportParameters requested are different than current active one (requested -> active):
  custom:video-decoder-ogg-theora: a1e56fd34408186e4bbccfd4996cb3dc -> 
  custom:container-muxer-webm: aa71ff27fc2769a1b78a27578f13a17b -> 
  custom:container-demuxer-webm: 4f35f7cbe854078d1ac9338744f61a02 -> 
  custom:video-encoder-webm-vp8: eb34c28f22e8b96e1ab97ce403110664 -> 
  custom:audio-encoder-webm-vorbis: bf7c407c2cedff20999df2af8eb42d56 -> 
  custom:framework-win-MediaFoundation: 216162199b28c13a410421893ffa2e32 -> 
  custom:container-demuxer-ogg: 62fdf1f143b41e24485cea50d1cbac27 -> 
  custom:video-decoder-webm-vp8: 9c59270c3fd7afecdb556c50c9e8de78 -> 
  custom:audio-decoder-ogg-vorbis: bf7c407c2cedff20999df2af8eb42d56 -> 
